<?xml version="1.0" encoding="UTF-8"?>
<!-- Generated by org.testng.reporters.JUnitXMLReporter -->
<testsuite ignored="0" hostname="DESKTOP-6EBQTBM" failures="0" tests="10" name="Test" time="87.193" errors="0" timestamp="2024-05-09T21:57:25 IST">
  <testcase classname="TestNg.TC_1_VerifyAdmintab" name="enterusername" time="1.644"/>
  <testcase classname="TestNg.TC_1_VerifyAdmintab_Onedge" name="enterusername" time="0.889"/>
  <testcase classname="TestNg.TC_1_VerifyAdmintab" name="enterpassword" time="0.197"/>
  <testcase classname="TestNg.TC_1_VerifyAdmintab_Onedge" name="enterpassword" time="0.149"/>
  <testcase classname="TestNg.TC_1_VerifyAdmintab" name="click" time="1.89"/>
  <testcase classname="TestNg.TC_1_VerifyAdmintab_Onedge" name="click" time="1.529"/>
  <testcase classname="TestNg.TC_1_VerifyAdmintab" name="Verifyadmintab" time="0.108"/>
  <testcase classname="TestNg.TC_1_VerifyAdmintab_Onedge" name="Verifyadmintab" time="0.562"/>
  <testcase classname="TestNg.TC_1_VerifyAdmintab" name="Clickonadmin" time="5.268"/>
  <testcase classname="TestNg.TC_1_VerifyAdmintab_Onedge" name="Clickonadmin" time="1.306"/>
</testsuite> <!-- Test -->
