<?xml version="1.0" encoding="UTF-8"?>
<!-- Generated by org.testng.reporters.JUnitXMLReporter -->
<testsuite ignored="5" hostname="DESKTOP-6EBQTBM" failures="0" tests="0" time="0.031" errors="0" timestamp="2024-05-20T15:06:53 IST">
  <testcase classname="TestNg.TC_1_VerifyAdmintab_Description" name="Verifyadmintab" time="0.0">
    <ignored/>
  </testcase> <!-- Verifyadmintab -->
  <testcase classname="TestNg.TC_1_VerifyAdmintab_Description" name="Clickonadmin" time="0.0">
    <ignored/>
  </testcase> <!-- Clickonadmin -->
  <testcase classname="TestNg.TC_1_VerifyAdmintab_Description" name="enterusername" time="0.0">
    <ignored/>
  </testcase> <!-- enterusername -->
  <testcase classname="TestNg.TC_1_VerifyAdmintab_Description" name="click" time="0.0">
    <ignored/>
  </testcase> <!-- click -->
  <testcase classname="TestNg.TC_1_VerifyAdmintab_Description" name="enterpassword" time="0.0">
    <ignored/>
  </testcase> <!-- enterpassword -->
</testsuite>
